<?xml version="1.0" encoding="UTF-8"?>
<!-- Generated by org.testng.reporters.JUnitXMLReporter -->
<testsuite ignored="0" hostname="MAVBCP3103" failures="0" tests="4" name="TestLocators" time="105.078" errors="0" timestamp="2021-12-04T12:15:48 IST">
  <testcase classname="com.tests.locators.TestLocatorID" name="VerifyLocatorID" time="15.28"/>
  <testcase classname="com.tests.locators.TestLocatorCssSelector" name="VerifyCssSeclector" time="30.37"/>
  <testcase classname="com.tests.locators.TestLocatorName" name="VerifyLocatorName" time="30.708"/>
  <testcase classname="com.tests.locators.TestLocatorXpath" name="VerifyLocatorXpath" time="28.48"/>
</testsuite> <!-- TestLocators -->
