<?xml version="1.0" encoding="UTF-8"?>
<!-- Generated by org.testng.reporters.JUnitXMLReporter -->
<testsuite hostname="MAVBCP3103" ignored="0" name="Command line test" tests="5" failures="0" timestamp="2021-12-04T12:39:37 IST" time="120.427" errors="0">
  <testcase name="VerifyCssSeclector" time="28.643" classname="com.tests.locators.TestLocatorCssSelector"/>
  <testcase name="VerifyLocatorID" time="15.351" classname="com.tests.locators.TestLocatorID"/>
  <testcase name="VerifyLocatorName" time="28.888" classname="com.tests.locators.TestLocatorName"/>
  <testcase name="VerifyLocatorTagName" time="21.54" classname="com.tests.locators.TestLocatorsTagName"/>
  <testcase name="VerifyLocatorXpath" time="25.882" classname="com.tests.locators.TestLocatorXpath"/>
</testsuite> <!-- Command line test -->
