<?xml version="1.0" encoding="UTF-8"?>
<testng-results skipped="0" failed="0" ignored="0" total="1" passed="1">
  <reporter-output>
  </reporter-output>
  <suite name="pageObjectmodelTestSuite" duration-ms="14760" started-at="2021-12-05T15:04:47 IST" finished-at="2021-12-05T15:05:02 IST">
    <groups>
    </groups>
    <test name="TestLocators" duration-ms="14760" started-at="2021-12-05T15:04:47 IST" finished-at="2021-12-05T15:05:02 IST">
      <class name="com.tests.pageObjectModel.TestOrangeHRMLogin">
        <test-method status="PASS" signature="VerifyValidLogin()[pri:0, instance:com.tests.pageObjectModel.TestOrangeHRMLogin@5ed828d]" name="VerifyValidLogin" duration-ms="14681" started-at="2021-12-05T15:04:48 IST" finished-at="2021-12-05T15:05:02 IST">
          <reporter-output>
          </reporter-output>
        </test-method> <!-- VerifyValidLogin -->
      </class> <!-- com.tests.pageObjectModel.TestOrangeHRMLogin -->
    </test> <!-- TestLocators -->
  </suite> <!-- pageObjectmodelTestSuite -->
</testng-results>
