<?xml version="1.0" encoding="UTF-8"?>
<!-- Generated by org.testng.reporters.JUnitXMLReporter -->
<testsuite hostname="MAVBCP3103" ignored="0" name="TestLocators" tests="4" failures="0" timestamp="2021-12-05T15:19:06 IST" time="81.76" errors="0">
  <testcase name="VerifyLocatorID" time="13.83" classname="com.tests.locators.TestLocatorID"/>
  <testcase name="VerifyCssSeclector" time="22.988" classname="com.tests.locators.TestLocatorCssSelector"/>
  <testcase name="VerifyLocatorName" time="22.584" classname="com.tests.locators.TestLocatorName"/>
  <testcase name="VerifyLocatorXpath" time="22.207" classname="com.tests.locators.TestLocatorXpath"/>
</testsuite> <!-- TestLocators -->
